<?xml version="1.0" encoding="UTF-8"?>
<testsuite xmlns:xsi="http://www.w3.org/2001/XMLSchema-instance" xsi:noNamespaceSchemaLocation="https://maven.apache.org/surefire/maven-surefire-plugin/xsd/surefire-test-report-3.0.xsd" version="3.0" name="com.springboot.StudentManagementSystemApplicationTests" time="5.203" tests="1" errors="0" skipped="0" failures="0">
  <properties>
[...]
</properties>
  <testcase name="contextLoads" classname="com.springboot.StudentManagementSystemApplicationTests" time="0.577">
    <system-out><![CDATA[12:20:49.966 [main] INFO org.springframework.test.context.support.AnnotationConfigContextLoaderUtils -- Could not detect default configuration classes for test class [com.springboot.StudentManagementSystemApplicationTests]: StudentManagementSystemApplicationTests does not declare any static, non-private, non-final, nested classes annotated with @Configuration.
12:20:50.085 [main] INFO org.springframework.boot.test.context.SpringBootTestContextBootstrapper -- Found @SpringBootConfiguration com.springboot.StudentManagementSystemApplication for test class com.springboot.StudentManagementSystemApplicationTests
12:20:50.281 [main] INFO org.springframework.boot.devtools.restart.RestartApplicationListener -- Restart disabled due to context in which it is running

  .   ____          _            __ _ _
 /\\ / ___'_ __ _ _(_)_ __  __ _ \ \ \ \
( ( )\___ | '_ | '_| | '_ \/ _` | \ \ \ \
 \\/  ___)| |_)| | | | | || (_| |  ) ) ) )
  '  |____| .__|_| |_|_| |_\__, | / / / /
 =========|_|==============|___/=/_/_/_/
 :: Spring Boot ::                (v3.2.1)

2024-03-24T12:20:50.532+05:30  INFO 37132 --- [           main] .StudentManagementSystemApplicationTests : Starting StudentManagementSystemApplicationTests using Java 17.0.8.1 with PID 37132 (started by vinay in C:\Users\vinay\Documents\workspace-spring-tool-suite-4-4.20.0.RELEASE\student-management-system)
2024-03-24T12:20:50.534+05:30  INFO 37132 --- [           main] .StudentManagementSystemApplicationTests : No active profile set, falling back to 1 default profile: "default"
2024-03-24T12:20:51.178+05:30  INFO 37132 --- [           main] .s.d.r.c.RepositoryConfigurationDelegate : Bootstrapping Spring Data JPA repositories in DEFAULT mode.
2024-03-24T12:20:51.232+05:30  INFO 37132 --- [           main] .s.d.r.c.RepositoryConfigurationDelegate : Finished Spring Data repository scanning in 44 ms. Found 1 JPA repository interface.
2024-03-24T12:20:51.689+05:30  INFO 37132 --- [           main] o.hibernate.jpa.internal.util.LogHelper  : HHH000204: Processing PersistenceUnitInfo [name: default]
2024-03-24T12:20:51.765+05:30  INFO 37132 --- [           main] org.hibernate.Version                    : HHH000412: Hibernate ORM core version 6.4.1.Final
2024-03-24T12:20:51.825+05:30  INFO 37132 --- [           main] o.h.c.internal.RegionFactoryInitiator    : HHH000026: Second-level cache disabled
2024-03-24T12:20:52.172+05:30  INFO 37132 --- [           main] o.s.o.j.p.SpringPersistenceUnitInfo      : No LoadTimeWeaver setup: ignoring JPA class transformer
2024-03-24T12:20:52.204+05:30  INFO 37132 --- [           main] com.zaxxer.hikari.HikariDataSource       : HikariPool-1 - Starting...
2024-03-24T12:20:52.586+05:30  INFO 37132 --- [           main] com.zaxxer.hikari.pool.HikariPool        : HikariPool-1 - Added connection com.mysql.cj.jdbc.ConnectionImpl@5a82bc58
2024-03-24T12:20:52.592+05:30  INFO 37132 --- [           main] com.zaxxer.hikari.HikariDataSource       : HikariPool-1 - Start completed.
2024-03-24T12:20:52.671+05:30  WARN 37132 --- [           main] org.hibernate.orm.deprecation            : HHH90000025: MySQL8Dialect does not need to be specified explicitly using 'hibernate.dialect' (remove the property setting and it will be selected by default)
2024-03-24T12:20:52.672+05:30  WARN 37132 --- [           main] org.hibernate.orm.deprecation            : HHH90000026: MySQL8Dialect has been deprecated; use org.hibernate.dialect.MySQLDialect instead
2024-03-24T12:20:53.510+05:30  INFO 37132 --- [           main] o.h.e.t.j.p.i.JtaPlatformInitiator       : HHH000489: No JTA platform available (set 'hibernate.transaction.jta.platform' to enable JTA platform integration)
2024-03-24T12:20:53.598+05:30  INFO 37132 --- [           main] j.LocalContainerEntityManagerFactoryBean : Initialized JPA EntityManagerFactory for persistence unit 'default'
2024-03-24T12:20:53.986+05:30  WARN 37132 --- [           main] JpaBaseConfiguration$JpaWebConfiguration : spring.jpa.open-in-view is enabled by default. Therefore, database queries may be performed during view rendering. Explicitly configure spring.jpa.open-in-view to disable this warning
2024-03-24T12:20:54.397+05:30  INFO 37132 --- [           main] .StudentManagementSystemApplicationTests : Started StudentManagementSystemApplicationTests in 4.132 seconds (process running for 5.238)
]]></system-out>
  </testcase>
</testsuite>